<?xml version="1.0" encoding="UTF-8"?>
<testsuite xmlns:xsi="http://www.w3.org/2001/XMLSchema-instance" xsi:noNamespaceSchemaLocation="https://maven.apache.org/surefire/maven-surefire-plugin/xsd/surefire-test-report.xsd" version="3.0.2" name="com.sohan.backend.BackendAppApplicationTests" time="5.666" tests="1" errors="0" skipped="0" failures="0" flakes="0">
  <properties>
[...]
</properties>
  <testcase name="contextLoads" classname="com.sohan.backend.BackendAppApplicationTests" time="1.445">
    <system-out><![CDATA[15:23:37.034 [main] INFO org.springframework.test.context.support.AnnotationConfigContextLoaderUtils -- Could not detect default configuration classes for test class [com.sohan.backend.BackendAppApplicationTests]: BackendAppApplicationTests does not declare any static, non-private, non-final, nested classes annotated with @Configuration.
15:23:37.291 [main] INFO org.springframework.boot.test.context.SpringBootTestContextBootstrapper -- Found @SpringBootConfiguration com.sohan.backend.BackendAppApplication for test class com.sohan.backend.BackendAppApplicationTests
15:23:37.539 [main] INFO org.springframework.test.context.support.AnnotationConfigContextLoaderUtils -- Could not detect default configuration classes for test class [com.sohan.backend.BackendAppApplicationTests]: BackendAppApplicationTests does not declare any static, non-private, non-final, nested classes annotated with @Configuration.
15:23:37.543 [main] INFO org.springframework.boot.test.context.SpringBootTestContextBootstrapper -- Found @SpringBootConfiguration com.sohan.backend.BackendAppApplication for test class com.sohan.backend.BackendAppApplicationTests
15:23:37.702 [main] INFO org.springframework.boot.devtools.restart.RestartApplicationListener -- Restart disabled due to context in which it is running

  .   ____          _            __ _ _
 /\\ / ___'_ __ _ _(_)_ __  __ _ \ \ \ \
( ( )\___ | '_ | '_| | '_ \/ _` | \ \ \ \
 \\/  ___)| |_)| | | | | || (_| |  ) ) ) )
  '  |____| .__|_| |_|_| |_\__, | / / / /
 =========|_|==============|___/=/_/_/_/

 :: Spring Boot ::                (v4.0.5)

2026-04-08T15:23:38.276+05:30  INFO 24524 --- [backend-app] [           main] c.s.backend.BackendAppApplicationTests   : Starting BackendAppApplicationTests using Java 21.0.9 with PID 24524 (started by ASUS in C:\Users\ASUS\Desktop\Fullstack\New folder\FSAD_SKILL-13\backend-app)
2026-04-08T15:23:38.279+05:30  INFO 24524 --- [backend-app] [           main] c.s.backend.BackendAppApplicationTests   : No active profile set, falling back to 1 default profile: "default"
2026-04-08T15:23:39.919+05:30  INFO 24524 --- [backend-app] [           main] o.s.b.w.a.WelcomePageHandlerMapping      : Adding welcome page: class path resource [static/index.html]
2026-04-08T15:23:40.597+05:30  INFO 24524 --- [backend-app] [           main] c.s.backend.BackendAppApplicationTests   : Started BackendAppApplicationTests in 2.915 seconds (process running for 6.12)
]]></system-out>
    <system-err><![CDATA[Mockito is currently self-attaching to enable the inline-mock-maker. This will no longer work in future releases of the JDK. Please add Mockito as an agent to your build as described in Mockito's documentation: https://javadoc.io/doc/org.mockito/mockito-core/latest/org.mockito/org/mockito/Mockito.html#0.3
WARNING: A Java agent has been loaded dynamically (C:\Users\ASUS\.m2\repository\net\bytebuddy\byte-buddy-agent\1.17.8\byte-buddy-agent-1.17.8.jar)
WARNING: If a serviceability tool is in use, please run with -XX:+EnableDynamicAgentLoading to hide this warning
WARNING: If a serviceability tool is not in use, please run with -Djdk.instrument.traceUsage for more information
WARNING: Dynamic loading of agents will be disallowed by default in a future release
]]></system-err>
  </testcase>
</testsuite>